<?xml version="1.0" encoding="UTF-8"?>
<testsuite xmlns:xsi="http://www.w3.org/2001/XMLSchema-instance" xsi:noNamespaceSchemaLocation="https://maven.apache.org/surefire/maven-surefire-plugin/xsd/surefire-test-report.xsd" name="TestRunner" time="143.894" tests="16" errors="2" skipped="0" failures="2">
  <properties>
    <property name="sun.desktop" value="windows"/>
    <property name="awt.toolkit" value="sun.awt.windows.WToolkit"/>
    <property name="file.encoding.pkg" value="sun.io"/>
    <property name="java.specification.version" value="1.8"/>
    <property name="sun.cpu.isalist" value="pentium_pro+mmx pentium_pro pentium+mmx pentium i486 i386 i86"/>
    <property name="sun.jnu.encoding" value="Cp1252"/>
    <property name="java.class.path" value="C:\Users\agrebenkina\IdeaProjects\Infusion_test\target\test-classes;C:\Users\agrebenkina\IdeaProjects\Infusion_test\target\classes;C:\Users\agrebenkina\.m2\repository\org\seleniumhq\selenium\selenium-java\3.6.0\selenium-java-3.6.0.jar;C:\Users\agrebenkina\.m2\repository\org\seleniumhq\selenium\selenium-api\3.6.0\selenium-api-3.6.0.jar;C:\Users\agrebenkina\.m2\repository\org\seleniumhq\selenium\selenium-chrome-driver\3.6.0\selenium-chrome-driver-3.6.0.jar;C:\Users\agrebenkina\.m2\repository\org\seleniumhq\selenium\selenium-edge-driver\3.6.0\selenium-edge-driver-3.6.0.jar;C:\Users\agrebenkina\.m2\repository\org\seleniumhq\selenium\selenium-firefox-driver\3.6.0\selenium-firefox-driver-3.6.0.jar;C:\Users\agrebenkina\.m2\repository\org\seleniumhq\selenium\selenium-ie-driver\3.6.0\selenium-ie-driver-3.6.0.jar;C:\Users\agrebenkina\.m2\repository\org\seleniumhq\selenium\selenium-opera-driver\3.6.0\selenium-opera-driver-3.6.0.jar;C:\Users\agrebenkina\.m2\repository\org\seleniumhq\selenium\selenium-remote-driver\3.6.0\selenium-remote-driver-3.6.0.jar;C:\Users\agrebenkina\.m2\repository\org\seleniumhq\selenium\selenium-safari-driver\3.6.0\selenium-safari-driver-3.6.0.jar;C:\Users\agrebenkina\.m2\repository\org\seleniumhq\selenium\selenium-support\3.6.0\selenium-support-3.6.0.jar;C:\Users\agrebenkina\.m2\repository\net\bytebuddy\byte-buddy\1.7.5\byte-buddy-1.7.5.jar;C:\Users\agrebenkina\.m2\repository\org\apache\commons\commons-exec\1.3\commons-exec-1.3.jar;C:\Users\agrebenkina\.m2\repository\commons-codec\commons-codec\1.10\commons-codec-1.10.jar;C:\Users\agrebenkina\.m2\repository\commons-logging\commons-logging\1.2\commons-logging-1.2.jar;C:\Users\agrebenkina\.m2\repository\com\google\code\gson\gson\2.8.0\gson-2.8.0.jar;C:\Users\agrebenkina\.m2\repository\com\google\guava\guava\23.0\guava-23.0.jar;C:\Users\agrebenkina\.m2\repository\com\google\code\findbugs\jsr305\1.3.9\jsr305-1.3.9.jar;C:\Users\agrebenkina\.m2\repository\com\google\errorprone\error_prone_annotations\2.0.18\error_prone_annotations-2.0.18.jar;C:\Users\agrebenkina\.m2\repository\com\google\j2objc\j2objc-annotations\1.1\j2objc-annotations-1.1.jar;C:\Users\agrebenkina\.m2\repository\org\codehaus\mojo\animal-sniffer-annotations\1.14\animal-sniffer-annotations-1.14.jar;C:\Users\agrebenkina\.m2\repository\org\apache\httpcomponents\httpclient\4.5.3\httpclient-4.5.3.jar;C:\Users\agrebenkina\.m2\repository\org\apache\httpcomponents\httpcore\4.4.6\httpcore-4.4.6.jar;C:\Users\agrebenkina\.m2\repository\net\java\dev\jna\jna\4.1.0\jna-4.1.0.jar;C:\Users\agrebenkina\.m2\repository\net\java\dev\jna\jna-platform\4.1.0\jna-platform-4.1.0.jar;C:\Users\agrebenkina\.m2\repository\junit\junit\4.12\junit-4.12.jar;C:\Users\agrebenkina\.m2\repository\org\hamcrest\hamcrest-core\1.3\hamcrest-core-1.3.jar;C:\Users\agrebenkina\.m2\repository\info\cukes\cucumber-junit\1.2.5\cucumber-junit-1.2.5.jar;C:\Users\agrebenkina\.m2\repository\info\cukes\cucumber-core\1.2.5\cucumber-core-1.2.5.jar;C:\Users\agrebenkina\.m2\repository\info\cukes\cucumber-html\0.2.3\cucumber-html-0.2.3.jar;C:\Users\agrebenkina\.m2\repository\info\cukes\cucumber-java\1.2.5\cucumber-java-1.2.5.jar;C:\Users\agrebenkina\.m2\repository\info\cukes\cucumber-picocontainer\1.2.5\cucumber-picocontainer-1.2.5.jar;C:\Users\agrebenkina\.m2\repository\info\cukes\cucumber-jvm-deps\1.0.5\cucumber-jvm-deps-1.0.5.jar;C:\Users\agrebenkina\.m2\repository\info\cukes\gherkin\2.12.2\gherkin-2.12.2.jar;C:\Users\agrebenkina\.m2\repository\org\picocontainer\picocontainer\2.15\picocontainer-2.15.jar;"/>
    <property name="java.vm.vendor" value="Oracle Corporation"/>
    <property name="sun.arch.data.model" value="32"/>
    <property name="user.variant" value=""/>
    <property name="java.vendor.url" value="http://java.oracle.com/"/>
    <property name="user.timezone" value=""/>
    <property name="java.vm.specification.version" value="1.8"/>
    <property name="os.name" value="Windows 8.1"/>
    <property name="user.country" value="US"/>
    <property name="sun.java.launcher" value="SUN_STANDARD"/>
    <property name="sun.boot.library.path" value="C:\Program Files (x86)\Java\jdk1.8.0_111\jre\bin"/>
    <property name="sun.java.command" value="C:\Users\AGREBE~1\AppData\Local\Temp\surefire29489675291152361\surefirebooter5883389713284057100.jar C:\Users\agrebenkina\AppData\Local\Temp\surefire29489675291152361 2018-01-14T13-44-44_860-jvmRun1 surefire8111984368005221657tmp surefire_08803604553092365566tmp"/>
    <property name="surefire.test.class.path" value="C:\Users\agrebenkina\IdeaProjects\Infusion_test\target\test-classes;C:\Users\agrebenkina\IdeaProjects\Infusion_test\target\classes;C:\Users\agrebenkina\.m2\repository\org\seleniumhq\selenium\selenium-java\3.6.0\selenium-java-3.6.0.jar;C:\Users\agrebenkina\.m2\repository\org\seleniumhq\selenium\selenium-api\3.6.0\selenium-api-3.6.0.jar;C:\Users\agrebenkina\.m2\repository\org\seleniumhq\selenium\selenium-chrome-driver\3.6.0\selenium-chrome-driver-3.6.0.jar;C:\Users\agrebenkina\.m2\repository\org\seleniumhq\selenium\selenium-edge-driver\3.6.0\selenium-edge-driver-3.6.0.jar;C:\Users\agrebenkina\.m2\repository\org\seleniumhq\selenium\selenium-firefox-driver\3.6.0\selenium-firefox-driver-3.6.0.jar;C:\Users\agrebenkina\.m2\repository\org\seleniumhq\selenium\selenium-ie-driver\3.6.0\selenium-ie-driver-3.6.0.jar;C:\Users\agrebenkina\.m2\repository\org\seleniumhq\selenium\selenium-opera-driver\3.6.0\selenium-opera-driver-3.6.0.jar;C:\Users\agrebenkina\.m2\repository\org\seleniumhq\selenium\selenium-remote-driver\3.6.0\selenium-remote-driver-3.6.0.jar;C:\Users\agrebenkina\.m2\repository\org\seleniumhq\selenium\selenium-safari-driver\3.6.0\selenium-safari-driver-3.6.0.jar;C:\Users\agrebenkina\.m2\repository\org\seleniumhq\selenium\selenium-support\3.6.0\selenium-support-3.6.0.jar;C:\Users\agrebenkina\.m2\repository\net\bytebuddy\byte-buddy\1.7.5\byte-buddy-1.7.5.jar;C:\Users\agrebenkina\.m2\repository\org\apache\commons\commons-exec\1.3\commons-exec-1.3.jar;C:\Users\agrebenkina\.m2\repository\commons-codec\commons-codec\1.10\commons-codec-1.10.jar;C:\Users\agrebenkina\.m2\repository\commons-logging\commons-logging\1.2\commons-logging-1.2.jar;C:\Users\agrebenkina\.m2\repository\com\google\code\gson\gson\2.8.0\gson-2.8.0.jar;C:\Users\agrebenkina\.m2\repository\com\google\guava\guava\23.0\guava-23.0.jar;C:\Users\agrebenkina\.m2\repository\com\google\code\findbugs\jsr305\1.3.9\jsr305-1.3.9.jar;C:\Users\agrebenkina\.m2\repository\com\google\errorprone\error_prone_annotations\2.0.18\error_prone_annotations-2.0.18.jar;C:\Users\agrebenkina\.m2\repository\com\google\j2objc\j2objc-annotations\1.1\j2objc-annotations-1.1.jar;C:\Users\agrebenkina\.m2\repository\org\codehaus\mojo\animal-sniffer-annotations\1.14\animal-sniffer-annotations-1.14.jar;C:\Users\agrebenkina\.m2\repository\org\apache\httpcomponents\httpclient\4.5.3\httpclient-4.5.3.jar;C:\Users\agrebenkina\.m2\repository\org\apache\httpcomponents\httpcore\4.4.6\httpcore-4.4.6.jar;C:\Users\agrebenkina\.m2\repository\net\java\dev\jna\jna\4.1.0\jna-4.1.0.jar;C:\Users\agrebenkina\.m2\repository\net\java\dev\jna\jna-platform\4.1.0\jna-platform-4.1.0.jar;C:\Users\agrebenkina\.m2\repository\junit\junit\4.12\junit-4.12.jar;C:\Users\agrebenkina\.m2\repository\org\hamcrest\hamcrest-core\1.3\hamcrest-core-1.3.jar;C:\Users\agrebenkina\.m2\repository\info\cukes\cucumber-junit\1.2.5\cucumber-junit-1.2.5.jar;C:\Users\agrebenkina\.m2\repository\info\cukes\cucumber-core\1.2.5\cucumber-core-1.2.5.jar;C:\Users\agrebenkina\.m2\repository\info\cukes\cucumber-html\0.2.3\cucumber-html-0.2.3.jar;C:\Users\agrebenkina\.m2\repository\info\cukes\cucumber-java\1.2.5\cucumber-java-1.2.5.jar;C:\Users\agrebenkina\.m2\repository\info\cukes\cucumber-picocontainer\1.2.5\cucumber-picocontainer-1.2.5.jar;C:\Users\agrebenkina\.m2\repository\info\cukes\cucumber-jvm-deps\1.0.5\cucumber-jvm-deps-1.0.5.jar;C:\Users\agrebenkina\.m2\repository\info\cukes\gherkin\2.12.2\gherkin-2.12.2.jar;C:\Users\agrebenkina\.m2\repository\org\picocontainer\picocontainer\2.15\picocontainer-2.15.jar;"/>
    <property name="sun.cpu.endian" value="little"/>
    <property name="user.home" value="C:\Users\agrebenkina"/>
    <property name="user.language" value="en"/>
    <property name="java.specification.vendor" value="Oracle Corporation"/>
    <property name="java.home" value="C:\Program Files (x86)\Java\jdk1.8.0_111\jre"/>
    <property name="basedir" value="C:\Users\agrebenkina\IdeaProjects\Infusion_test"/>
    <property name="file.separator" value="\"/>
    <property name="line.separator" value="&#10;"/>
    <property name="java.vm.specification.vendor" value="Oracle Corporation"/>
    <property name="java.specification.name" value="Java Platform API Specification"/>
    <property name="java.awt.graphicsenv" value="sun.awt.Win32GraphicsEnvironment"/>
    <property name="surefire.real.class.path" value="C:\Users\AGREBE~1\AppData\Local\Temp\surefire29489675291152361\surefirebooter5883389713284057100.jar"/>
    <property name="sun.boot.class.path" value="C:\Program Files (x86)\Java\jdk1.8.0_111\jre\lib\resources.jar;C:\Program Files (x86)\Java\jdk1.8.0_111\jre\lib\rt.jar;C:\Program Files (x86)\Java\jdk1.8.0_111\jre\lib\sunrsasign.jar;C:\Program Files (x86)\Java\jdk1.8.0_111\jre\lib\jsse.jar;C:\Program Files (x86)\Java\jdk1.8.0_111\jre\lib\jce.jar;C:\Program Files (x86)\Java\jdk1.8.0_111\jre\lib\charsets.jar;C:\Program Files (x86)\Java\jdk1.8.0_111\jre\lib\jfr.jar;C:\Program Files (x86)\Java\jdk1.8.0_111\jre\classes"/>
    <property name="user.script" value=""/>
    <property name="sun.management.compiler" value="HotSpot Client Compiler"/>
    <property name="java.runtime.version" value="1.8.0_111-b14"/>
    <property name="user.name" value="agrebenkina"/>
    <property name="path.separator" value=";"/>
    <property name="os.version" value="6.3"/>
    <property name="java.endorsed.dirs" value="C:\Program Files (x86)\Java\jdk1.8.0_111\jre\lib\endorsed"/>
    <property name="java.runtime.name" value="Java(TM) SE Runtime Environment"/>
    <property name="file.encoding" value="Cp1252"/>
    <property name="java.vm.name" value="Java HotSpot(TM) Client VM"/>
    <property name="localRepository" value="C:\Users\agrebenkina\.m2\repository"/>
    <property name="java.vendor.url.bug" value="http://bugreport.sun.com/bugreport/"/>
    <property name="java.io.tmpdir" value="C:\Users\AGREBE~1\AppData\Local\Temp\"/>
    <property name="java.version" value="1.8.0_111"/>
    <property name="user.dir" value="C:\Users\agrebenkina\IdeaProjects\Infusion_test"/>
    <property name="os.arch" value="x86"/>
    <property name="java.vm.specification.name" value="Java Virtual Machine Specification"/>
    <property name="java.awt.printerjob" value="sun.awt.windows.WPrinterJob"/>
    <property name="sun.os.patch.level" value=""/>
    <property name="java.library.path" value="C:\Program Files (x86)\Java\jdk1.8.0_111\jre\bin;C:\Windows\Sun\Java\bin;C:\Windows\system32;C:\Windows;C:\ProgramData\Oracle\Java\javapath;C:\Windows\system32;C:\Windows;C:\Windows\System32\Wbem;C:\Windows\System32\WindowsPowerShell\v1.0\;C:\Program Files\Microsoft SQL Server\Client SDK\ODBC\130\Tools\Binn\;C:\Program Files (x86)\Microsoft SQL Server\130\Tools\Binn\;C:\Program Files\Microsoft SQL Server\130\Tools\Binn\;C:\Program Files\Microsoft SQL Server\130\DTS\Binn\;C:\Program Files (x86)\Skype\Phone\;C:\Program Files\Git\cmd; C:\Users\agrebenkina\IdeaProjects\geckodriver-v0.19.0-win64\;C:\Program Files\MySQL\MySQL Utilities 1.6\;C:\Users\agrebenkina\IdeaProjects\apache-maven-3.5.2\bin;C:\Program Files (x86)\Java\jdk1.8.0_111\bin;C:\Users\agrebenkina\AppData\Local\Programs\Fiddler;."/>
    <property name="java.vm.info" value="mixed mode, sharing"/>
    <property name="java.vendor" value="Oracle Corporation"/>
    <property name="java.vm.version" value="25.111-b14"/>
    <property name="java.ext.dirs" value="C:\Program Files (x86)\Java\jdk1.8.0_111\jre\lib\ext;C:\Windows\Sun\Java\lib\ext"/>
    <property name="sun.io.unicode.encoding" value="UnicodeLittle"/>
    <property name="java.class.version" value="52.0"/>
  </properties>
  <testcase name="Given User is on the &quot;https://www.avanade.com/en&quot; page" classname="Scenario: Looking for positions in Cracow" time="0.003"/>
  <testcase name="And User navigates to Career block" classname="Scenario: Looking for positions in Cracow" time="0"/>
  <testcase name="When User looking for &quot; &quot; available positions in &quot;Poland&quot;" classname="Scenario: Looking for positions in Cracow" time="0"/>
  <testcase name="Then User see more than 5 positions available in &quot;Krakow&quot;" classname="Scenario: Looking for positions in Cracow" time="0.001">
    <failure message="Number of positions is less than expected. Expected: 5 but actual is 4" type="java.lang.AssertionError">java.lang.AssertionError: Number of positions is less than expected. Expected: 5 but actual is 4
</failure>
    <system-err><![CDATA[Unable to read VR Path Registry from C:\Users\agrebenkina\AppData\Local\openvr\openvrpaths.vrpath
JavaScript error: https://careers.avanade.com/dist/js/app.js, line 3: Error: 10 $digest() iterations reached. Aborting!
Watchers fired in the last 5 iterations: [["fn: function(){var oldUrl=$browser.url(),currentReplace=$location.$$replace;return changeCounter&&oldUrl==$location.absUrl()||(changeCounter++,$rootScope.$evalAsync(function(){$rootScope.$broadcast(\"$locationChangeStart\",$location.absUrl(),oldUrl).defaultPrevented?$location.$$parse(oldUrl):($browser.url($location.absUrl(),currentReplace),afterLocationChange(oldUrl))\n})),$location.$$replace=!1,changeCounter}; newVal: 9; oldVal: 8"],["fn: function(){var oldUrl=$browser.url(),currentReplace=$location.$$replace;return changeCounter&&oldUrl==$location.absUrl()||(changeCounter++,$rootScope.$evalAsync(function(){$rootScope.$broadcast(\"$locationChangeStart\",$location.absUrl(),oldUrl).defaultPrevented?$location.$$parse(oldUrl):($browser.url($location.absUrl(),currentReplace),afterLocationChange(oldUrl))\n})),$location.$$replace=!1,changeCounter}; newVal: 10; oldVal: 9"],["fn: function(){var oldUrl=$browser.url(),currentReplace=$location.$$replace;return changeCounter&&oldUrl==$location.absUrl()||(changeCounter++,$rootScope.$evalAsync(function(){$rootScope.$broadcast(\"$locationChangeStart\",$location.absUrl(),oldUrl).defaultPrevented?$location.$$parse(oldUrl):($browser.url($location.absUrl(),currentReplace),afterLocationChange(oldUrl))\n})),$location.$$replace=!1,changeCounter}; newVal: 11; oldVal: 10"],["fn: function(){var oldUrl=$browser.url(),currentReplace=$location.$$replace;return changeCounter&&oldUrl==$location.absUrl()||(changeCounter++,$rootScope.$evalAsync(function(){$rootScope.$broadcast(\"$locationChangeStart\",$location.absUrl(),oldUrl).defaultPrevented?$location.$$parse(oldUrl):($browser.url($location.absUrl(),currentReplace),afterLocationChange(oldUrl))\n})),$location.$$replace=!1,changeCounter}; newVal: 12; oldVal: 11"],["fn: function(){var oldUrl=$browser.url(),currentReplace=$location.$$replace;return changeCounter&&oldUrl==$location.absUrl()||(changeCounter++,$rootScope.$evalAsync(function(){$rootScope.$broadcast(\"$locationChangeStart\",$location.absUrl(),oldUrl).defaultPrevented?$location.$$parse(oldUrl):($browser.url($location.absUrl(),currentReplace),afterLocationChange(oldUrl))\n})),$location.$$replace=!1,changeCounter}; newVal: 13; oldVal: 12"]]
JavaScript error: https://careers.avanade.com/dist/js/app.js, line 3: Error: 10 $digest() iterations reached. Aborting!
Watchers fired in the last 5 iterations: [["fn: function(){var oldUrl=$browser.url(),currentReplace=$location.$$replace;return changeCounter&&oldUrl==$location.absUrl()||(changeCounter++,$rootScope.$evalAsync(function(){$rootScope.$broadcast(\"$locationChangeStart\",$location.absUrl(),oldUrl).defaultPrevented?$location.$$parse(oldUrl):($browser.url($location.absUrl(),currentReplace),afterLocationChange(oldUrl))\n})),$location.$$replace=!1,changeCounter}; newVal: 20; oldVal: 19"],["fn: function(){var oldUrl=$browser.url(),currentReplace=$location.$$replace;return changeCounter&&oldUrl==$location.absUrl()||(changeCounter++,$rootScope.$evalAsync(function(){$rootScope.$broadcast(\"$locationChangeStart\",$location.absUrl(),oldUrl).defaultPrevented?$location.$$parse(oldUrl):($browser.url($location.absUrl(),currentReplace),afterLocationChange(oldUrl))\n})),$location.$$replace=!1,changeCounter}; newVal: 21; oldVal: 20"],["fn: function(){var oldUrl=$browser.url(),currentReplace=$location.$$replace;return changeCounter&&oldUrl==$location.absUrl()||(changeCounter++,$rootScope.$evalAsync(function(){$rootScope.$broadcast(\"$locationChangeStart\",$location.absUrl(),oldUrl).defaultPrevented?$location.$$parse(oldUrl):($browser.url($location.absUrl(),currentReplace),afterLocationChange(oldUrl))\n})),$location.$$replace=!1,changeCounter}; newVal: 22; oldVal: 21"],["fn: function(){var oldUrl=$browser.url(),currentReplace=$location.$$replace;return changeCounter&&oldUrl==$location.absUrl()||(changeCounter++,$rootScope.$evalAsync(function(){$rootScope.$broadcast(\"$locationChangeStart\",$location.absUrl(),oldUrl).defaultPrevented?$location.$$parse(oldUrl):($browser.url($location.absUrl(),currentReplace),afterLocationChange(oldUrl))\n})),$location.$$replace=!1,changeCounter}; newVal: 23; oldVal: 22"],["fn: function(){var oldUrl=$browser.url(),currentReplace=$location.$$replace;return changeCounter&&oldUrl==$location.absUrl()||(changeCounter++,$rootScope.$evalAsync(function(){$rootScope.$broadcast(\"$locationChangeStart\",$location.absUrl(),oldUrl).defaultPrevented?$location.$$parse(oldUrl):($browser.url($location.absUrl(),currentReplace),afterLocationChange(oldUrl))\n})),$location.$$replace=!1,changeCounter}; newVal: 24; oldVal: 23"]]
JavaScript error: https://careers.avanade.com/dist/js/app.js, line 3: Error: 10 $digest() iterations reached. Aborting!
Watchers fired in the last 5 iterations: [["fn: function(){var oldUrl=$browser.url(),currentReplace=$location.$$replace;return changeCounter&&oldUrl==$location.absUrl()||(changeCounter++,$rootScope.$evalAsync(function(){$rootScope.$broadcast(\"$locationChangeStart\",$location.absUrl(),oldUrl).defaultPrevented?$location.$$parse(oldUrl):($browser.url($location.absUrl(),currentReplace),afterLocationChange(oldUrl))\n})),$location.$$replace=!1,changeCounter}; newVal: 31; oldVal: 30"],["fn: function(){var oldUrl=$browser.url(),currentReplace=$location.$$replace;return changeCounter&&oldUrl==$location.absUrl()||(changeCounter++,$rootScope.$evalAsync(function(){$rootScope.$broadcast(\"$locationChangeStart\",$location.absUrl(),oldUrl).defaultPrevented?$location.$$parse(oldUrl):($browser.url($location.absUrl(),currentReplace),afterLocationChange(oldUrl))\n})),$location.$$replace=!1,changeCounter}; newVal: 32; oldVal: 31"],["fn: function(){var oldUrl=$browser.url(),currentReplace=$location.$$replace;return changeCounter&&oldUrl==$location.absUrl()||(changeCounter++,$rootScope.$evalAsync(function(){$rootScope.$broadcast(\"$locationChangeStart\",$location.absUrl(),oldUrl).defaultPrevented?$location.$$parse(oldUrl):($browser.url($location.absUrl(),currentReplace),afterLocationChange(oldUrl))\n})),$location.$$replace=!1,changeCounter}; newVal: 33; oldVal: 32"],["fn: function(){var oldUrl=$browser.url(),currentReplace=$location.$$replace;return changeCounter&&oldUrl==$location.absUrl()||(changeCounter++,$rootScope.$evalAsync(function(){$rootScope.$broadcast(\"$locationChangeStart\",$location.absUrl(),oldUrl).defaultPrevented?$location.$$parse(oldUrl):($browser.url($location.absUrl(),currentReplace),afterLocationChange(oldUrl))\n})),$location.$$replace=!1,changeCounter}; newVal: 34; oldVal: 33"],["fn: function(){var oldUrl=$browser.url(),currentReplace=$location.$$replace;return changeCounter&&oldUrl==$location.absUrl()||(changeCounter++,$rootScope.$evalAsync(function(){$rootScope.$broadcast(\"$locationChangeStart\",$location.absUrl(),oldUrl).defaultPrevented?$location.$$parse(oldUrl):($browser.url($location.absUrl(),currentReplace),afterLocationChange(oldUrl))\n})),$location.$$replace=!1,changeCounter}; newVal: 35; oldVal: 34"]]
JavaScript error: https://careers.avanade.com/dist/js/app.js, line 3: Error: 10 $digest() iterations reached. Aborting!
Watchers fired in the last 5 iterations: [["fn: function(){var oldUrl=$browser.url(),currentReplace=$location.$$replace;return changeCounter&&oldUrl==$location.absUrl()||(changeCounter++,$rootScope.$evalAsync(function(){$rootScope.$broadcast(\"$locationChangeStart\",$location.absUrl(),oldUrl).defaultPrevented?$location.$$parse(oldUrl):($browser.url($location.absUrl(),currentReplace),afterLocationChange(oldUrl))\n})),$location.$$replace=!1,changeCounter}; newVal: 42; oldVal: 41"],["fn: function(){var oldUrl=$browser.url(),currentReplace=$location.$$replace;return changeCounter&&oldUrl==$location.absUrl()||(changeCounter++,$rootScope.$evalAsync(function(){$rootScope.$broadcast(\"$locationChangeStart\",$location.absUrl(),oldUrl).defaultPrevented?$location.$$parse(oldUrl):($browser.url($location.absUrl(),currentReplace),afterLocationChange(oldUrl))\n})),$location.$$replace=!1,changeCounter}; newVal: 43; oldVal: 42"],["fn: function(){var oldUrl=$browser.url(),currentReplace=$location.$$replace;return changeCounter&&oldUrl==$location.absUrl()||(changeCounter++,$rootScope.$evalAsync(function(){$rootScope.$broadcast(\"$locationChangeStart\",$location.absUrl(),oldUrl).defaultPrevented?$location.$$parse(oldUrl):($browser.url($location.absUrl(),currentReplace),afterLocationChange(oldUrl))\n})),$location.$$replace=!1,changeCounter}; newVal: 44; oldVal: 43"],["fn: function(){var oldUrl=$browser.url(),currentReplace=$location.$$replace;return changeCounter&&oldUrl==$location.absUrl()||(changeCounter++,$rootScope.$evalAsync(function(){$rootScope.$broadcast(\"$locationChangeStart\",$location.absUrl(),oldUrl).defaultPrevented?$location.$$parse(oldUrl):($browser.url($location.absUrl(),currentReplace),afterLocationChange(oldUrl))\n})),$location.$$replace=!1,changeCounter}; newVal: 45; oldVal: 44"],["fn: function(){var oldUrl=$browser.url(),currentReplace=$location.$$replace;return changeCounter&&oldUrl==$location.absUrl()||(changeCounter++,$rootScope.$evalAsync(function(){$rootScope.$broadcast(\"$locationChangeStart\",$location.absUrl(),oldUrl).defaultPrevented?$location.$$parse(oldUrl):($browser.url($location.absUrl(),currentReplace),afterLocationChange(oldUrl))\n})),$location.$$replace=!1,changeCounter}; newVal: 46; oldVal: 45"]]
JavaScript error: https://careers.avanade.com/dist/js/app.js, line 3: Error: 10 $digest() iterations reached. Aborting!
Watchers fired in the last 5 iterations: [["fn: function(){var oldUrl=$browser.url(),currentReplace=$location.$$replace;return changeCounter&&oldUrl==$location.absUrl()||(changeCounter++,$rootScope.$evalAsync(function(){$rootScope.$broadcast(\"$locationChangeStart\",$location.absUrl(),oldUrl).defaultPrevented?$location.$$parse(oldUrl):($browser.url($location.absUrl(),currentReplace),afterLocationChange(oldUrl))\n})),$location.$$replace=!1,changeCounter}; newVal: 53; oldVal: 52"],["fn: function(){var oldUrl=$browser.url(),currentReplace=$location.$$replace;return changeCounter&&oldUrl==$location.absUrl()||(changeCounter++,$rootScope.$evalAsync(function(){$rootScope.$broadcast(\"$locationChangeStart\",$location.absUrl(),oldUrl).defaultPrevented?$location.$$parse(oldUrl):($browser.url($location.absUrl(),currentReplace),afterLocationChange(oldUrl))\n})),$location.$$replace=!1,changeCounter}; newVal: 54; oldVal: 53"],["fn: function(){var oldUrl=$browser.url(),currentReplace=$location.$$replace;return changeCounter&&oldUrl==$location.absUrl()||(changeCounter++,$rootScope.$evalAsync(function(){$rootScope.$broadcast(\"$locationChangeStart\",$location.absUrl(),oldUrl).defaultPrevented?$location.$$parse(oldUrl):($browser.url($location.absUrl(),currentReplace),afterLocationChange(oldUrl))\n})),$location.$$replace=!1,changeCounter}; newVal: 55; oldVal: 54"],["fn: function(){var oldUrl=$browser.url(),currentReplace=$location.$$replace;return changeCounter&&oldUrl==$location.absUrl()||(changeCounter++,$rootScope.$evalAsync(function(){$rootScope.$broadcast(\"$locationChangeStart\",$location.absUrl(),oldUrl).defaultPrevented?$location.$$parse(oldUrl):($browser.url($location.absUrl(),currentReplace),afterLocationChange(oldUrl))\n})),$location.$$replace=!1,changeCounter}; newVal: 56; oldVal: 55"],["fn: function(){var oldUrl=$browser.url(),currentReplace=$location.$$replace;return changeCounter&&oldUrl==$location.absUrl()||(changeCounter++,$rootScope.$evalAsync(function(){$rootScope.$broadcast(\"$locationChangeStart\",$location.absUrl(),oldUrl).defaultPrevented?$location.$$parse(oldUrl):($browser.url($location.absUrl(),currentReplace),afterLocationChange(oldUrl))\n})),$location.$$replace=!1,changeCounter}; newVal: 57; oldVal: 56"]]
JavaScript error: https://careers.avanade.com/dist/js/app.js, line 3: Error: 10 $digest() iterations reached. Aborting!
Watchers fired in the last 5 iterations: [["fn: function(){var oldUrl=$browser.url(),currentReplace=$location.$$replace;return changeCounter&&oldUrl==$location.absUrl()||(changeCounter++,$rootScope.$evalAsync(function(){$rootScope.$broadcast(\"$locationChangeStart\",$location.absUrl(),oldUrl).defaultPrevented?$location.$$parse(oldUrl):($browser.url($location.absUrl(),currentReplace),afterLocationChange(oldUrl))\n})),$location.$$replace=!1,changeCounter}; newVal: 64; oldVal: 63"],["fn: function(){var oldUrl=$browser.url(),currentReplace=$location.$$replace;return changeCounter&&oldUrl==$location.absUrl()||(changeCounter++,$rootScope.$evalAsync(function(){$rootScope.$broadcast(\"$locationChangeStart\",$location.absUrl(),oldUrl).defaultPrevented?$location.$$parse(oldUrl):($browser.url($location.absUrl(),currentReplace),afterLocationChange(oldUrl))\n})),$location.$$replace=!1,changeCounter}; newVal: 65; oldVal: 64"],["fn: function(){var oldUrl=$browser.url(),currentReplace=$location.$$replace;return changeCounter&&oldUrl==$location.absUrl()||(changeCounter++,$rootScope.$evalAsync(function(){$rootScope.$broadcast(\"$locationChangeStart\",$location.absUrl(),oldUrl).defaultPrevented?$location.$$parse(oldUrl):($browser.url($location.absUrl(),currentReplace),afterLocationChange(oldUrl))\n})),$location.$$replace=!1,changeCounter}; newVal: 66; oldVal: 65"],["fn: function(){var oldUrl=$browser.url(),currentReplace=$location.$$replace;return changeCounter&&oldUrl==$location.absUrl()||(changeCounter++,$rootScope.$evalAsync(function(){$rootScope.$broadcast(\"$locationChangeStart\",$location.absUrl(),oldUrl).defaultPrevented?$location.$$parse(oldUrl):($browser.url($location.absUrl(),currentReplace),afterLocationChange(oldUrl))\n})),$location.$$replace=!1,changeCounter}; newVal: 67; oldVal: 66"],["fn: function(){var oldUrl=$browser.url(),currentReplace=$location.$$replace;return changeCounter&&oldUrl==$location.absUrl()||(changeCounter++,$rootScope.$evalAsync(function(){$rootScope.$broadcast(\"$locationChangeStart\",$location.absUrl(),oldUrl).defaultPrevented?$location.$$parse(oldUrl):($browser.url($location.absUrl(),currentReplace),afterLocationChange(oldUrl))\n})),$location.$$replace=!1,changeCounter}; newVal: 68; oldVal: 67"]]
]]></system-err>
  </testcase>
  <testcase name="Scenario: Looking for positions in Cracow" classname="Scenario: Looking for positions in Cracow" time="0.001">
    <failure message="Number of positions is less than expected. Expected: 5 but actual is 4" type="java.lang.AssertionError">java.lang.AssertionError: Number of positions is less than expected. Expected: 5 but actual is 4
</failure>
  </testcase>
  <testcase name="Given User is on the &quot;https://www.avanade.com/en&quot; page" classname="Scenario: Looking for positions in Warsaw" time="0"/>
  <testcase name="And User navigates to Career block" classname="Scenario: Looking for positions in Warsaw" time="0"/>
  <testcase name="When User looking for &quot; &quot; available positions in &quot;Poland&quot;" classname="Scenario: Looking for positions in Warsaw" time="0"/>
  <testcase name="Then User see more than 0 positions available in &quot;Warsaw&quot;" classname="Scenario: Looking for positions in Warsaw" time="0"/>
  <testcase name="Scenario: Looking for positions in Warsaw" classname="Scenario: Looking for positions in Warsaw" time="0.602"/>
  <testcase name="Given User is on the &quot;https://www.avanade.com/en&quot; page" classname="Scenario: Check qualification in a job offer" time="0"/>
  <testcase name="And User navigates to Career block" classname="Scenario: Check qualification in a job offer" time="0"/>
  <testcase name="And User looking for &quot;Entry Level Software Engineer&quot; available positions in &quot;All Locations&quot;" classname="Scenario: Check qualification in a job offer" time="0"/>
  <testcase name="When User navigates to a job description for &quot;Entry Level Software Engineer, Seattle&quot;" classname="Scenario: Check qualification in a job offer" time="0"/>
  <testcase name="Then User see qualification &quot;Strong time management skills&quot; in the job description" classname="Scenario: Check qualification in a job offer" time="0.001">
    <error message="Expected condition failed: waiting for visibility of Proxy element for: DefaultElementLocator &apos;By.className: descr-container&apos; (tried for 10 second(s) with 2 SECONDS interval)" type="org.openqa.selenium.TimeoutException">org.openqa.selenium.TimeoutException: Expected condition failed: waiting for visibility of Proxy element for: DefaultElementLocator 'By.className: descr-container' (tried for 10 second(s) with 2 SECONDS interval)
Caused by: org.openqa.selenium.NoSuchElementException: 
Unable to locate element: .descr\-container
For documentation on this error, please visit: http://seleniumhq.org/exceptions/no_such_element.html
Build info: version: '3.6.0', revision: '6fbf3ec767', time: '2017-09-27T15:28:36.4Z'
System info: host: 'AGREBENKINA', ip: '172.31.213.95', os.name: 'Windows 8.1', os.arch: 'x86', os.version: '6.3', java.version: '1.8.0_111'
Driver info: org.openqa.selenium.firefox.FirefoxDriver
Capabilities [{moz:profile=C:\Users\agrebenkina\AppData\Local\Temp\rust_mozprofile.7yWwtuQ9BaYB, rotatable=false, timeouts={implicit=0, pageLoad=300000, script=30000}, pageLoadStrategy=normal, moz:headless=false, platform=XP, moz:accessibilityChecks=false, acceptInsecureCerts=true, browserVersion=57.0.4, platformVersion=6.3, moz:processID=6536, browserName=firefox, javascriptEnabled=true, platformName=XP, moz:webdriverClick=false}]
Session ID: 3241ec0c-5295-4169-89f3-3ab295612328
*** Element info: {Using=class name, value=descr-container}
</error>
  </testcase>
  <testcase name="Scenario: Check qualification in a job offer" classname="Scenario: Check qualification in a job offer" time="0.001">
    <error message="Expected condition failed: waiting for visibility of Proxy element for: DefaultElementLocator &apos;By.className: descr-container&apos; (tried for 10 second(s) with 2 SECONDS interval)" type="org.openqa.selenium.TimeoutException">org.openqa.selenium.TimeoutException: Expected condition failed: waiting for visibility of Proxy element for: DefaultElementLocator 'By.className: descr-container' (tried for 10 second(s) with 2 SECONDS interval)
Caused by: org.openqa.selenium.NoSuchElementException: 
Unable to locate element: .descr\-container
For documentation on this error, please visit: http://seleniumhq.org/exceptions/no_such_element.html
Build info: version: '3.6.0', revision: '6fbf3ec767', time: '2017-09-27T15:28:36.4Z'
System info: host: 'AGREBENKINA', ip: '172.31.213.95', os.name: 'Windows 8.1', os.arch: 'x86', os.version: '6.3', java.version: '1.8.0_111'
Driver info: org.openqa.selenium.firefox.FirefoxDriver
Capabilities [{moz:profile=C:\Users\agrebenkina\AppData\Local\Temp\rust_mozprofile.7yWwtuQ9BaYB, rotatable=false, timeouts={implicit=0, pageLoad=300000, script=30000}, pageLoadStrategy=normal, moz:headless=false, platform=XP, moz:accessibilityChecks=false, acceptInsecureCerts=true, browserVersion=57.0.4, platformVersion=6.3, moz:processID=6536, browserName=firefox, javascriptEnabled=true, platformName=XP, moz:webdriverClick=false}]
Session ID: 3241ec0c-5295-4169-89f3-3ab295612328
*** Element info: {Using=class name, value=descr-container}
</error>
  </testcase>
</testsuite>